<?xml version="1.0" encoding="UTF-8"?>
<!-- Generated by org.testng.reporters.JUnitReportReporter -->
<testsuite skipped="0" hostname="Ken-PC" name="mainTest" tests="3" failures="0" timestamp="14 Oct 2018 23:07:19 GMT" time="0.023" errors="0">
  <testcase name="f" time="0.000" classname="mainTest"/>
  <testcase name="main" time="0.008" classname="mainTest"/>
  <testcase name="f" time="0.015" classname="mainTest"/>
</testsuite> <!-- mainTest -->
